<?xml version="1.0" encoding="UTF-8"?>
<!-- Generated by org.testng.reporters.JUnitReportReporter -->
<testsuite hostname="DESKTOP-R9JNNG2" failures="0" tests="2" name="Test.ViewProductTest" time="30.238" errors="0" timestamp="2023-01-31T09:48:56 IST" skipped="0">
  <testcase classname="Test.ViewProductTest" name="addPrice" time="21.302"/>
  <system-out/>
  <testcase classname="Test.ViewProductTest" name="viewProducts" time="8.936"/>
  <system-out/>
</testsuite> <!-- Test.ViewProductTest -->
