<?xml version="1.0" encoding="UTF-8"?>
<!-- Generated by org.testng.reporters.JUnitReportReporter -->
<testsuite hostname="DESKTOP-R9JNNG2" failures="0" tests="3" name="Test.RegisterTest" time="128.352" errors="0" timestamp="2023-01-28T22:29:36 IST" skipped="0">
  <testcase classname="Test.RegisterTest" name="invalidData" time="45.349"/>
  <system-out/>
  <testcase classname="Test.RegisterTest" name="noData" time="30.397"/>
  <system-out/>
  <testcase classname="Test.RegisterTest" name="withoutLastName" time="52.606"/>
  <system-out/>
</testsuite> <!-- Test.RegisterTest -->
