<?xml version="1.0" encoding="UTF-8"?>
<!-- Generated by org.testng.reporters.JUnitReportReporter -->
<testsuite hostname="DESKTOP-R9JNNG2" failures="0" tests="6" name="Test.CucumberRunner" time="104.013" errors="6" timestamp="2023-01-28T21:17:55 IST" skipped="0">
  <testcase classname="Test.CucumberRunner" name="runScenario" time="21.910">
    <error message="Cannot invoke &quot;org.testng.ITestContext.setAttribute(String, Object)&quot; because &quot;this.context&quot; is null" type="java.lang.NullPointerException">
      <![CDATA[java.lang.NullPointerException: Cannot invoke "org.testng.ITestContext.setAttribute(String, Object)" because "this.context" is null
at Test.ProductTest.before_or_after(ProductTest.java:39)
]]>
    </error>
  </testcase> <!-- runScenario -->
  <system-out/>
  <testcase classname="Test.CucumberRunner" name="runScenario" time="17.126">
    <error message="Cannot invoke &quot;org.testng.ITestContext.setAttribute(String, Object)&quot; because &quot;this.context&quot; is null" type="java.lang.NullPointerException">
      <![CDATA[java.lang.NullPointerException: Cannot invoke "org.testng.ITestContext.setAttribute(String, Object)" because "this.context" is null
at Test.ProductTest.before_or_after(ProductTest.java:39)
]]>
    </error>
  </testcase> <!-- runScenario -->
  <system-out/>
  <testcase classname="Test.CucumberRunner" name="runScenario" time="22.645">
    <error message="Cannot invoke &quot;org.testng.ITestContext.setAttribute(String, Object)&quot; because &quot;this.context&quot; is null" type="java.lang.NullPointerException">
      <![CDATA[java.lang.NullPointerException: Cannot invoke "org.testng.ITestContext.setAttribute(String, Object)" because "this.context" is null
at Test.ProductTest.before_or_after(ProductTest.java:39)
]]>
    </error>
  </testcase> <!-- runScenario -->
  <system-out/>
  <testcase classname="Test.CucumberRunner" name="runScenario" time="15.669">
    <error message="Cannot invoke &quot;org.testng.ITestContext.setAttribute(String, Object)&quot; because &quot;this.context&quot; is null" type="java.lang.NullPointerException">
      <![CDATA[java.lang.NullPointerException: Cannot invoke "org.testng.ITestContext.setAttribute(String, Object)" because "this.context" is null
at Test.ProductTest.before_or_after(ProductTest.java:39)
]]>
    </error>
  </testcase> <!-- runScenario -->
  <system-out/>
  <testcase classname="Test.CucumberRunner" name="runScenario" time="11.388">
    <error message="Cannot invoke &quot;org.testng.ITestContext.setAttribute(String, Object)&quot; because &quot;this.context&quot; is null" type="java.lang.NullPointerException">
      <![CDATA[java.lang.NullPointerException: Cannot invoke "org.testng.ITestContext.setAttribute(String, Object)" because "this.context" is null
at Test.ProductTest.before_or_after(ProductTest.java:39)
]]>
    </error>
  </testcase> <!-- runScenario -->
  <system-out/>
  <testcase classname="Test.CucumberRunner" name="runScenario" time="15.275">
    <error message="Cannot invoke &quot;org.testng.ITestContext.setAttribute(String, Object)&quot; because &quot;this.context&quot; is null" type="java.lang.NullPointerException">
      <![CDATA[java.lang.NullPointerException: Cannot invoke "org.testng.ITestContext.setAttribute(String, Object)" because "this.context" is null
at Test.ProductTest.before_or_after(ProductTest.java:39)
]]>
    </error>
  </testcase> <!-- runScenario -->
  <system-out/>
</testsuite> <!-- Test.CucumberRunner -->
