<?xml version="1.0" encoding="UTF-8"?>
<!-- Generated by org.testng.reporters.JUnitReportReporter -->
<testsuite hostname="DESKTOP-R9JNNG2" failures="0" tests="7" name="Test.LoginTest" time="172.080" errors="0" timestamp="2023-01-28T22:29:36 IST" skipped="0">
  <testcase classname="Test.LoginTest" name="invalidPassword" time="16.798"/>
  <system-out/>
  <testcase classname="Test.LoginTest" name="withoutPassword" time="13.674"/>
  <system-out/>
  <testcase classname="Test.LoginTest" name="checkCredentials" time="43.912"/>
  <system-out/>
  <testcase classname="Test.LoginTest" name="withoutCredentials" time="15.080"/>
  <system-out/>
  <testcase classname="Test.LoginTest" name="validCredentials" time="13.296"/>
  <system-out/>
  <testcase classname="Test.LoginTest" name="checkCredentials" time="29.059"/>
  <system-out/>
  <testcase classname="Test.LoginTest" name="invalidEmailType" time="40.261"/>
  <system-out/>
</testsuite> <!-- Test.LoginTest -->
