<?xml version="1.0" encoding="UTF-8"?>
<!-- Generated by org.testng.reporters.JUnitReportReporter -->
<testsuite hostname="DESKTOP-R9JNNG2" failures="0" tests="1" name="Test.BaseTest" time="15.610" errors="0" timestamp="2023-01-22T20:12:24 IST" skipped="0">
  <testcase classname="Test.BaseTest" name="test" time="15.610"/>
  <system-out/>
</testsuite> <!-- Test.BaseTest -->
