<?xml version="1.0" encoding="UTF-8"?>
<!-- Generated by org.testng.reporters.JUnitReportReporter -->
<testsuite hostname="DESKTOP-R9JNNG2" failures="0" tests="7" name="Test.LoginTest" time="271.189" errors="0" timestamp="2023-01-28T23:15:29 IST" skipped="0">
  <testcase classname="Test.LoginTest" name="invalidEmailType" time="61.861"/>
  <system-out/>
  <testcase classname="Test.LoginTest" name="invalidPassword" time="24.792"/>
  <system-out/>
  <testcase classname="Test.LoginTest" name="withoutCredentials" time="43.703"/>
  <system-out/>
  <testcase classname="Test.LoginTest" name="validCredentials" time="24.882"/>
  <system-out/>
  <testcase classname="Test.LoginTest" name="checkCredentials" time="27.058"/>
  <system-out/>
  <testcase classname="Test.LoginTest" name="checkCredentials" time="41.623"/>
  <system-out/>
  <testcase classname="Test.LoginTest" name="withoutPassword" time="47.270"/>
  <system-out/>
</testsuite> <!-- Test.LoginTest -->
