<?xml version="1.0" encoding="UTF-8"?>
<!-- Generated by org.testng.reporters.JUnitReportReporter -->
<testsuite hostname="DESKTOP-R9JNNG2" failures="0" tests="3" name="Test.RegisterTest" time="103.340" errors="0" timestamp="2023-01-28T23:09:05 IST" skipped="0">
  <testcase classname="Test.RegisterTest" name="invalidData" time="58.148"/>
  <system-out/>
  <testcase classname="Test.RegisterTest" name="noData" time="18.491"/>
  <system-out/>
  <testcase classname="Test.RegisterTest" name="withoutLastName" time="26.701"/>
  <system-out/>
</testsuite> <!-- Test.RegisterTest -->
